<?xml version="1.0" encoding="UTF-8"?>
<testsuite xmlns:xsi="http://www.w3.org/2001/XMLSchema-instance" xsi:noNamespaceSchemaLocation="https://maven.apache.org/surefire/maven-surefire-plugin/xsd/surefire-test-report-3.0.xsd" version="3.0" name="org.jhotdraw8.collection.champ.ChampImmutableMapTest" time="0.15" tests="118" errors="0" skipped="0" failures="0">
  <properties>
    <property name="java.specification.version" value="17"/>
    <property name="git.build.version" value="1.0"/>
    <property name="sun.jnu.encoding" value="UTF-8"/>
    <property name="java.class.path" value="/Users/Shared/Developer/Java/JHotDraw/current/git-jhotdraw8/org.jhotdraw8/org.jhotdraw8.collection/target/test-classes:/Users/wr/.m2/repository/org/openjfx/javafx-graphics/18.0.1/javafx-graphics-18.0.1.jar:/Users/wr/.m2/repository/org/openjfx/javafx-graphics/18.0.1/javafx-graphics-18.0.1-mac.jar:/Users/wr/.m2/repository/org/openjfx/javafx-base/18.0.1/javafx-base-18.0.1.jar:/Users/wr/.m2/repository/com/google/guava/guava-testlib/31.1-jre/guava-testlib-31.1-jre.jar:/Users/wr/.m2/repository/com/google/code/findbugs/jsr305/3.0.2/jsr305-3.0.2.jar:/Users/wr/.m2/repository/org/checkerframework/checker-qual/3.12.0/checker-qual-3.12.0.jar:/Users/wr/.m2/repository/com/google/errorprone/error_prone_annotations/2.11.0/error_prone_annotations-2.11.0.jar:/Users/wr/.m2/repository/com/google/j2objc/j2objc-annotations/1.3/j2objc-annotations-1.3.jar:/Users/wr/.m2/repository/com/google/guava/guava/31.1-jre/guava-31.1-jre.jar:/Users/wr/.m2/repository/com/google/guava/failureaccess/1.0.1/failureaccess-1.0.1.jar:/Users/wr/.m2/repository/com/google/guava/listenablefuture/9999.0-empty-to-avoid-conflict-with-guava/listenablefuture-9999.0-empty-to-avoid-conflict-with-guava.jar:/Users/wr/.m2/repository/junit/junit/4.13.2/junit-4.13.2.jar:/Users/wr/.m2/repository/org/hamcrest/hamcrest-core/1.3/hamcrest-core-1.3.jar:/Users/wr/.m2/repository/org/junit/jupiter/junit-jupiter/5.8.2/junit-jupiter-5.8.2.jar:/Users/wr/.m2/repository/org/junit/jupiter/junit-jupiter-api/5.8.2/junit-jupiter-api-5.8.2.jar:/Users/wr/.m2/repository/org/opentest4j/opentest4j/1.2.0/opentest4j-1.2.0.jar:/Users/wr/.m2/repository/org/junit/platform/junit-platform-commons/1.8.2/junit-platform-commons-1.8.2.jar:/Users/wr/.m2/repository/org/apiguardian/apiguardian-api/1.1.2/apiguardian-api-1.1.2.jar:/Users/wr/.m2/repository/org/junit/jupiter/junit-jupiter-params/5.8.2/junit-jupiter-params-5.8.2.jar:/Users/wr/.m2/repository/org/junit/jupiter/junit-jupiter-engine/5.8.2/junit-jupiter-engine-5.8.2.jar:/Users/wr/.m2/repository/org/junit/platform/junit-platform-engine/1.8.2/junit-platform-engine-1.8.2.jar:"/>
    <property name="java.vm.vendor" value="Oracle Corporation"/>
    <property name="sun.arch.data.model" value="64"/>
    <property name="java.vendor.url" value="https://java.oracle.com/"/>
    <property name="os.name" value="Mac OS X"/>
    <property name="java.vm.specification.version" value="17"/>
    <property name="sun.java.launcher" value="SUN_STANDARD"/>
    <property name="user.country" value="CH"/>
    <property name="sun.boot.library.path" value="/Library/Java/JavaVirtualMachines/jdk-17.jdk/Contents/Home/lib"/>
    <property name="sun.java.command" value="org.apache.maven.surefire.booter.ForkedBooter /Users/Shared/Developer/Java/JHotDraw/current/git-jhotdraw8/org.jhotdraw8/org.jhotdraw8.collection/target/surefire 2022-10-22T11-36-20_653-jvmRun1 surefire-20221022113626950_4tmp surefire_1-20221022113626950_5tmp"/>
    <property name="http.nonProxyHosts" value="local|*.local|169.254/16|*.169.254/16"/>
    <property name="jdk.debug" value="release"/>
    <property name="surefire.test.class.path" value="/Users/Shared/Developer/Java/JHotDraw/current/git-jhotdraw8/org.jhotdraw8/org.jhotdraw8.collection/target/test-classes:/Users/wr/.m2/repository/org/openjfx/javafx-graphics/18.0.1/javafx-graphics-18.0.1.jar:/Users/wr/.m2/repository/org/openjfx/javafx-graphics/18.0.1/javafx-graphics-18.0.1-mac.jar:/Users/wr/.m2/repository/org/openjfx/javafx-base/18.0.1/javafx-base-18.0.1.jar:/Users/wr/.m2/repository/com/google/guava/guava-testlib/31.1-jre/guava-testlib-31.1-jre.jar:/Users/wr/.m2/repository/com/google/code/findbugs/jsr305/3.0.2/jsr305-3.0.2.jar:/Users/wr/.m2/repository/org/checkerframework/checker-qual/3.12.0/checker-qual-3.12.0.jar:/Users/wr/.m2/repository/com/google/errorprone/error_prone_annotations/2.11.0/error_prone_annotations-2.11.0.jar:/Users/wr/.m2/repository/com/google/j2objc/j2objc-annotations/1.3/j2objc-annotations-1.3.jar:/Users/wr/.m2/repository/com/google/guava/guava/31.1-jre/guava-31.1-jre.jar:/Users/wr/.m2/repository/com/google/guava/failureaccess/1.0.1/failureaccess-1.0.1.jar:/Users/wr/.m2/repository/com/google/guava/listenablefuture/9999.0-empty-to-avoid-conflict-with-guava/listenablefuture-9999.0-empty-to-avoid-conflict-with-guava.jar:/Users/wr/.m2/repository/junit/junit/4.13.2/junit-4.13.2.jar:/Users/wr/.m2/repository/org/hamcrest/hamcrest-core/1.3/hamcrest-core-1.3.jar:/Users/wr/.m2/repository/org/junit/jupiter/junit-jupiter/5.8.2/junit-jupiter-5.8.2.jar:/Users/wr/.m2/repository/org/junit/jupiter/junit-jupiter-api/5.8.2/junit-jupiter-api-5.8.2.jar:/Users/wr/.m2/repository/org/opentest4j/opentest4j/1.2.0/opentest4j-1.2.0.jar:/Users/wr/.m2/repository/org/junit/platform/junit-platform-commons/1.8.2/junit-platform-commons-1.8.2.jar:/Users/wr/.m2/repository/org/apiguardian/apiguardian-api/1.1.2/apiguardian-api-1.1.2.jar:/Users/wr/.m2/repository/org/junit/jupiter/junit-jupiter-params/5.8.2/junit-jupiter-params-5.8.2.jar:/Users/wr/.m2/repository/org/junit/jupiter/junit-jupiter-engine/5.8.2/junit-jupiter-engine-5.8.2.jar:/Users/wr/.m2/repository/org/junit/platform/junit-platform-engine/1.8.2/junit-platform-engine-1.8.2.jar:"/>
    <property name="sun.cpu.endian" value="little"/>
    <property name="user.home" value="/Users/wr"/>
    <property name="user.language" value="en"/>
    <property name="java.specification.vendor" value="Oracle Corporation"/>
    <property name="jdk.module.path" value="/Users/Shared/Developer/Java/JHotDraw/current/git-jhotdraw8/org.jhotdraw8/org.jhotdraw8.collection/target/classes:/Users/Shared/Developer/Java/JHotDraw/current/git-jhotdraw8/org.jhotdraw8/org.jhotdraw8.annotation/target/classes:/Users/wr/.m2/repository/org/openjfx/javafx-base/18.0.1/javafx-base-18.0.1-mac.jar"/>
    <property name="java.version.date" value="2021-09-14"/>
    <property name="java.home" value="/Library/Java/JavaVirtualMachines/jdk-17.jdk/Contents/Home"/>
    <property name="file.separator" value="/"/>
    <property name="basedir" value="/Users/Shared/Developer/Java/JHotDraw/current/git-jhotdraw8/org.jhotdraw8/org.jhotdraw8.collection"/>
    <property name="java.vm.compressedOopsMode" value="Zero based"/>
    <property name="line.separator" value="&#10;"/>
    <property name="java.vm.specification.vendor" value="Oracle Corporation"/>
    <property name="java.specification.name" value="Java Platform API Specification"/>
    <property name="git.commit.id.full" value="eafa9a970b677977aa25b3c11107b06700fc1a14"/>
    <property name="git.build.time" value="2022-10-22"/>
    <property name="surefire.real.class.path" value="/Users/wr/.m2/repository/org/apache/maven/surefire/surefire-booter/3.0.0-M7/surefire-booter-3.0.0-M7.jar:/Users/wr/.m2/repository/org/apache/maven/surefire/surefire-api/3.0.0-M7/surefire-api-3.0.0-M7.jar:/Users/wr/.m2/repository/org/apache/maven/surefire/surefire-logger-api/3.0.0-M7/surefire-logger-api-3.0.0-M7.jar:/Users/wr/.m2/repository/org/apache/maven/surefire/surefire-shared-utils/3.0.0-M7/surefire-shared-utils-3.0.0-M7.jar:/Users/wr/.m2/repository/org/apache/maven/surefire/surefire-extensions-spi/3.0.0-M7/surefire-extensions-spi-3.0.0-M7.jar:/Users/Shared/Developer/Java/JHotDraw/current/git-jhotdraw8/org.jhotdraw8/org.jhotdraw8.collection/target/test-classes:/Users/wr/.m2/repository/org/openjfx/javafx-graphics/18.0.1/javafx-graphics-18.0.1.jar:/Users/wr/.m2/repository/org/openjfx/javafx-graphics/18.0.1/javafx-graphics-18.0.1-mac.jar:/Users/wr/.m2/repository/org/openjfx/javafx-base/18.0.1/javafx-base-18.0.1.jar:/Users/wr/.m2/repository/com/google/guava/guava-testlib/31.1-jre/guava-testlib-31.1-jre.jar:/Users/wr/.m2/repository/com/google/code/findbugs/jsr305/3.0.2/jsr305-3.0.2.jar:/Users/wr/.m2/repository/org/checkerframework/checker-qual/3.12.0/checker-qual-3.12.0.jar:/Users/wr/.m2/repository/com/google/errorprone/error_prone_annotations/2.11.0/error_prone_annotations-2.11.0.jar:/Users/wr/.m2/repository/com/google/j2objc/j2objc-annotations/1.3/j2objc-annotations-1.3.jar:/Users/wr/.m2/repository/com/google/guava/guava/31.1-jre/guava-31.1-jre.jar:/Users/wr/.m2/repository/com/google/guava/failureaccess/1.0.1/failureaccess-1.0.1.jar:/Users/wr/.m2/repository/com/google/guava/listenablefuture/9999.0-empty-to-avoid-conflict-with-guava/listenablefuture-9999.0-empty-to-avoid-conflict-with-guava.jar:/Users/wr/.m2/repository/junit/junit/4.13.2/junit-4.13.2.jar:/Users/wr/.m2/repository/org/hamcrest/hamcrest-core/1.3/hamcrest-core-1.3.jar:/Users/wr/.m2/repository/org/junit/jupiter/junit-jupiter/5.8.2/junit-jupiter-5.8.2.jar:/Users/wr/.m2/repository/org/junit/jupiter/junit-jupiter-api/5.8.2/junit-jupiter-api-5.8.2.jar:/Users/wr/.m2/repository/org/opentest4j/opentest4j/1.2.0/opentest4j-1.2.0.jar:/Users/wr/.m2/repository/org/junit/platform/junit-platform-commons/1.8.2/junit-platform-commons-1.8.2.jar:/Users/wr/.m2/repository/org/apiguardian/apiguardian-api/1.1.2/apiguardian-api-1.1.2.jar:/Users/wr/.m2/repository/org/junit/jupiter/junit-jupiter-params/5.8.2/junit-jupiter-params-5.8.2.jar:/Users/wr/.m2/repository/org/junit/jupiter/junit-jupiter-engine/5.8.2/junit-jupiter-engine-5.8.2.jar:/Users/wr/.m2/repository/org/junit/platform/junit-platform-engine/1.8.2/junit-platform-engine-1.8.2.jar:/Users/wr/.m2/repository/org/apache/maven/surefire/surefire-junit-platform/3.0.0-M7/surefire-junit-platform-3.0.0-M7.jar:/Users/wr/.m2/repository/org/apache/maven/surefire/common-java5/3.0.0-M7/common-java5-3.0.0-M7.jar:/Users/wr/.m2/repository/org/junit/platform/junit-platform-launcher/1.8.2/junit-platform-launcher-1.8.2.jar"/>
    <property name="sun.management.compiler" value="HotSpot 64-Bit Tiered Compilers"/>
    <property name="ftp.nonProxyHosts" value="local|*.local|169.254/16|*.169.254/16"/>
    <property name="java.runtime.version" value="17+35-2724"/>
    <property name="user.name" value="wr"/>
    <property name="path.separator" value=":"/>
    <property name="os.version" value="12.6"/>
    <property name="java.runtime.name" value="OpenJDK Runtime Environment"/>
    <property name="file.encoding" value="US-ASCII"/>
    <property name="java.vm.name" value="OpenJDK 64-Bit Server VM"/>
    <property name="localRepository" value="/Users/wr/.m2/repository"/>
    <property name="java.vendor.url.bug" value="https://bugreport.java.com/bugreport/"/>
    <property name="java.io.tmpdir" value="/var/folders/3m/gpbl2zqn72jbptr4x51yq1s40000gn/T/"/>
    <property name="idea.version" value="2022.2.2"/>
    <property name="java.version" value="17"/>
    <property name="user.dir" value="/Users/Shared/Developer/Java/JHotDraw/current/git-jhotdraw8/org.jhotdraw8/org.jhotdraw8.collection"/>
    <property name="os.arch" value="x86_64"/>
    <property name="git.commit.id.abbrev" value="eafa9a9"/>
    <property name="java.vm.specification.name" value="Java Virtual Machine Specification"/>
    <property name="native.encoding" value="US-ASCII"/>
    <property name="java.library.path" value="/Users/wr/Library/Java/Extensions:/Library/Java/Extensions:/Network/Library/Java/Extensions:/System/Library/Java/Extensions:/usr/lib/java:."/>
    <property name="java.vm.info" value="mixed mode"/>
    <property name="java.vendor" value="Oracle Corporation"/>
    <property name="java.vm.version" value="17+35-2724"/>
    <property name="sun.io.unicode.encoding" value="UnicodeBig"/>
    <property name="socksNonProxyHosts" value="local|*.local|169.254/16|*.169.254/16"/>
    <property name="java.class.version" value="61.0"/>
  </properties>
  <testcase name="testCloneShouldYieldEqualMap(MapData)[1]" classname="org.jhotdraw8.collection.champ.ChampImmutableMapTest" time="0.004"/>
  <testcase name="testCloneShouldYieldEqualMap(MapData)[2]" classname="org.jhotdraw8.collection.champ.ChampImmutableMapTest" time="0"/>
  <testcase name="testCloneShouldYieldEqualMap(MapData)[3]" classname="org.jhotdraw8.collection.champ.ChampImmutableMapTest" time="0"/>
  <testcase name="testCopyPutAllWithNewEntriesShouldReturnNewInstance(MapData)[1]" classname="org.jhotdraw8.collection.champ.ChampImmutableMapTest" time="0.001"/>
  <testcase name="testCopyPutAllWithNewEntriesShouldReturnNewInstance(MapData)[2]" classname="org.jhotdraw8.collection.champ.ChampImmutableMapTest" time="0.003"/>
  <testcase name="testCopyPutAllWithNewEntriesShouldReturnNewInstance(MapData)[3]" classname="org.jhotdraw8.collection.champ.ChampImmutableMapTest" time="0"/>
  <testcase name="testCopyRetainAllWithContainedKeysShouldReturnThis(MapData)[1]" classname="org.jhotdraw8.collection.champ.ChampImmutableMapTest" time="0"/>
  <testcase name="testCopyRetainAllWithContainedKeysShouldReturnThis(MapData)[2]" classname="org.jhotdraw8.collection.champ.ChampImmutableMapTest" time="0.001"/>
  <testcase name="testCopyRetainAllWithContainedKeysShouldReturnThis(MapData)[3]" classname="org.jhotdraw8.collection.champ.ChampImmutableMapTest" time="0"/>
  <testcase name="testIteratorRemoveShouldThrowException(MapData)[1]" classname="org.jhotdraw8.collection.champ.ChampImmutableMapTest" time="0"/>
  <testcase name="testIteratorRemoveShouldThrowException(MapData)[2]" classname="org.jhotdraw8.collection.champ.ChampImmutableMapTest" time="0"/>
  <testcase name="testIteratorRemoveShouldThrowException(MapData)[3]" classname="org.jhotdraw8.collection.champ.ChampImmutableMapTest" time="0"/>
  <testcase name="testEntryIteratorShouldYieldExpectedEntries(MapData)[1]" classname="org.jhotdraw8.collection.champ.ChampImmutableMapTest" time="0"/>
  <testcase name="testEntryIteratorShouldYieldExpectedEntries(MapData)[2]" classname="org.jhotdraw8.collection.champ.ChampImmutableMapTest" time="0.001"/>
  <testcase name="testEntryIteratorShouldYieldExpectedEntries(MapData)[3]" classname="org.jhotdraw8.collection.champ.ChampImmutableMapTest" time="0"/>
  <testcase name="testEqualsWithNullShouldYieldFalse(MapData)[1]" classname="org.jhotdraw8.collection.champ.ChampImmutableMapTest" time="0.001"/>
  <testcase name="testEqualsWithNullShouldYieldFalse(MapData)[2]" classname="org.jhotdraw8.collection.champ.ChampImmutableMapTest" time="0"/>
  <testcase name="testEqualsWithNullShouldYieldFalse(MapData)[3]" classname="org.jhotdraw8.collection.champ.ChampImmutableMapTest" time="0.001"/>
  <testcase name="testCopyRemoveWithContainedKeyShouldReturnNewInstance(MapData)[1]" classname="org.jhotdraw8.collection.champ.ChampImmutableMapTest" time="0.002"/>
  <testcase name="testCopyRemoveWithContainedKeyShouldReturnNewInstance(MapData)[2]" classname="org.jhotdraw8.collection.champ.ChampImmutableMapTest" time="0.005"/>
  <testcase name="testCopyRemoveWithContainedKeyShouldReturnNewInstance(MapData)[3]" classname="org.jhotdraw8.collection.champ.ChampImmutableMapTest" time="0.001"/>
  <testcase name="testCopyPutWithNewKeyShouldReturnNewInstance(MapData)[1]" classname="org.jhotdraw8.collection.champ.ChampImmutableMapTest" time="0.002"/>
  <testcase name="testCopyPutWithNewKeyShouldReturnNewInstance(MapData)[2]" classname="org.jhotdraw8.collection.champ.ChampImmutableMapTest" time="0.006"/>
  <testcase name="testCopyPutWithNewKeyShouldReturnNewInstance(MapData)[3]" classname="org.jhotdraw8.collection.champ.ChampImmutableMapTest" time="0.001"/>
  <testcase name="testGetOrDefaultWithContainedKeyShouldYieldValue(MapData)[1]" classname="org.jhotdraw8.collection.champ.ChampImmutableMapTest" time="0.001"/>
  <testcase name="testGetOrDefaultWithContainedKeyShouldYieldValue(MapData)[2]" classname="org.jhotdraw8.collection.champ.ChampImmutableMapTest" time="0.001"/>
  <testcase name="testGetOrDefaultWithContainedKeyShouldYieldValue(MapData)[3]" classname="org.jhotdraw8.collection.champ.ChampImmutableMapTest" time="0.002"/>
  <testcase name="testCopyRetainAllOfEmptyMapShouldReturnThis(MapData)[1]" classname="org.jhotdraw8.collection.champ.ChampImmutableMapTest" time="0"/>
  <testcase name="testCopyRetainAllOfEmptyMapShouldReturnThis(MapData)[2]" classname="org.jhotdraw8.collection.champ.ChampImmutableMapTest" time="0"/>
  <testcase name="testCopyRetainAllOfEmptyMapShouldReturnThis(MapData)[3]" classname="org.jhotdraw8.collection.champ.ChampImmutableMapTest" time="0"/>
  <testcase name="testEqualsWithObjectShouldYieldFalse(MapData)[1]" classname="org.jhotdraw8.collection.champ.ChampImmutableMapTest" time="0.001"/>
  <testcase name="testEqualsWithObjectShouldYieldFalse(MapData)[2]" classname="org.jhotdraw8.collection.champ.ChampImmutableMapTest" time="0"/>
  <testcase name="testEqualsWithObjectShouldYieldFalse(MapData)[3]" classname="org.jhotdraw8.collection.champ.ChampImmutableMapTest" time="0.001"/>
  <testcase name="testCopyRemoveWithNewKeyShouldReturnThis(MapData)[1]" classname="org.jhotdraw8.collection.champ.ChampImmutableMapTest" time="0.001"/>
  <testcase name="testCopyRemoveWithNewKeyShouldReturnThis(MapData)[2]" classname="org.jhotdraw8.collection.champ.ChampImmutableMapTest" time="0.004"/>
  <testcase name="testCopyRemoveWithNewKeyShouldReturnThis(MapData)[3]" classname="org.jhotdraw8.collection.champ.ChampImmutableMapTest" time="0.001"/>
  <testcase name="testCopyRetainAllWithSomeContainedKeysShouldReturnNewInstance(MapData)[1]" classname="org.jhotdraw8.collection.champ.ChampImmutableMapTest" time="0.002"/>
  <testcase name="testCopyRetainAllWithSomeContainedKeysShouldReturnNewInstance(MapData)[2]" classname="org.jhotdraw8.collection.champ.ChampImmutableMapTest" time="0.001"/>
  <testcase name="testCopyRetainAllWithSomeContainedKeysShouldReturnNewInstance(MapData)[3]" classname="org.jhotdraw8.collection.champ.ChampImmutableMapTest" time="0"/>
  <testcase name="testCopyRemoveAllOfEmptyMapShouldReturnThis(MapData)[1]" classname="org.jhotdraw8.collection.champ.ChampImmutableMapTest" time="0"/>
  <testcase name="testCopyRemoveAllOfEmptyMapShouldReturnThis(MapData)[2]" classname="org.jhotdraw8.collection.champ.ChampImmutableMapTest" time="0.001"/>
  <testcase name="testCopyRemoveAllOfEmptyMapShouldReturnThis(MapData)[3]" classname="org.jhotdraw8.collection.champ.ChampImmutableMapTest" time="0"/>
  <testcase name="testCopyRemoveAllWithEmptyMapShouldReturnThis(MapData)[1]" classname="org.jhotdraw8.collection.champ.ChampImmutableMapTest" time="0"/>
  <testcase name="testCopyRemoveAllWithEmptyMapShouldReturnThis(MapData)[2]" classname="org.jhotdraw8.collection.champ.ChampImmutableMapTest" time="0"/>
  <testcase name="testCopyRemoveAllWithEmptyMapShouldReturnThis(MapData)[3]" classname="org.jhotdraw8.collection.champ.ChampImmutableMapTest" time="0"/>
  <testcase name="testNewInstanceNoArgsShouldBeEmpty" classname="org.jhotdraw8.collection.champ.ChampImmutableMapTest" time="0"/>
  <testcase name="testCopyRemoveAllWithContainedKeyShouldReturnNewInstance(MapData)[1]" classname="org.jhotdraw8.collection.champ.ChampImmutableMapTest" time="0"/>
  <testcase name="testCopyRemoveAllWithContainedKeyShouldReturnNewInstance(MapData)[2]" classname="org.jhotdraw8.collection.champ.ChampImmutableMapTest" time="0.001"/>
  <testcase name="testCopyRemoveAllWithContainedKeyShouldReturnNewInstance(MapData)[3]" classname="org.jhotdraw8.collection.champ.ChampImmutableMapTest" time="0"/>
  <testcase name="testSerializationShouldYieldSameMap(MapData)[1]" classname="org.jhotdraw8.collection.champ.ChampImmutableMapTest" time="0.004"/>
  <testcase name="testSerializationShouldYieldSameMap(MapData)[2]" classname="org.jhotdraw8.collection.champ.ChampImmutableMapTest" time="0.001"/>
  <testcase name="testSerializationShouldYieldSameMap(MapData)[3]" classname="org.jhotdraw8.collection.champ.ChampImmutableMapTest" time="0"/>
  <testcase name="testCopyRetainAllWithEmptySetShouldReturnNewInstance(MapData)[1]" classname="org.jhotdraw8.collection.champ.ChampImmutableMapTest" time="0"/>
  <testcase name="testCopyRetainAllWithEmptySetShouldReturnNewInstance(MapData)[2]" classname="org.jhotdraw8.collection.champ.ChampImmutableMapTest" time="0.001"/>
  <testcase name="testCopyRetainAllWithEmptySetShouldReturnNewInstance(MapData)[3]" classname="org.jhotdraw8.collection.champ.ChampImmutableMapTest" time="0"/>
  <testcase name="testGetOrDefaultWithNonContainedKeyShouldYieldDefault(MapData)[1]" classname="org.jhotdraw8.collection.champ.ChampImmutableMapTest" time="0.001"/>
  <testcase name="testGetOrDefaultWithNonContainedKeyShouldYieldDefault(MapData)[2]" classname="org.jhotdraw8.collection.champ.ChampImmutableMapTest" time="0"/>
  <testcase name="testGetOrDefaultWithNonContainedKeyShouldYieldDefault(MapData)[3]" classname="org.jhotdraw8.collection.champ.ChampImmutableMapTest" time="0"/>
  <testcase name="testCopyPutWithContainedKeyButNewValueShouldReturnNewInstance(MapData)[1]" classname="org.jhotdraw8.collection.champ.ChampImmutableMapTest" time="0.002"/>
  <testcase name="testCopyPutWithContainedKeyButNewValueShouldReturnNewInstance(MapData)[2]" classname="org.jhotdraw8.collection.champ.ChampImmutableMapTest" time="0.013"/>
  <testcase name="testCopyPutWithContainedKeyButNewValueShouldReturnNewInstance(MapData)[3]" classname="org.jhotdraw8.collection.champ.ChampImmutableMapTest" time="0.002"/>
  <testcase name="testCopyClearShouldBeIdempotent(MapData)[1]" classname="org.jhotdraw8.collection.champ.ChampImmutableMapTest" time="0.001"/>
  <testcase name="testCopyClearShouldBeIdempotent(MapData)[2]" classname="org.jhotdraw8.collection.champ.ChampImmutableMapTest" time="0"/>
  <testcase name="testCopyClearShouldBeIdempotent(MapData)[3]" classname="org.jhotdraw8.collection.champ.ChampImmutableMapTest" time="0"/>
  <testcase name="testNewInstanceMapArgsShouldBeEqualToArg(MapData)[1]" classname="org.jhotdraw8.collection.champ.ChampImmutableMapTest" time="0"/>
  <testcase name="testNewInstanceMapArgsShouldBeEqualToArg(MapData)[2]" classname="org.jhotdraw8.collection.champ.ChampImmutableMapTest" time="0"/>
  <testcase name="testNewInstanceMapArgsShouldBeEqualToArg(MapData)[3]" classname="org.jhotdraw8.collection.champ.ChampImmutableMapTest" time="0.001"/>
  <testcase name="testCopyPutAllWithContainedEntriesShouldReturnThis(MapData)[1]" classname="org.jhotdraw8.collection.champ.ChampImmutableMapTest" time="0.001"/>
  <testcase name="testCopyPutAllWithContainedEntriesShouldReturnThis(MapData)[2]" classname="org.jhotdraw8.collection.champ.ChampImmutableMapTest" time="0"/>
  <testcase name="testCopyPutAllWithContainedEntriesShouldReturnThis(MapData)[3]" classname="org.jhotdraw8.collection.champ.ChampImmutableMapTest" time="0.001"/>
  <testcase name="testNewInstanceReadOnlyMapArgShouldBeEqualToARg(MapData)[1]" classname="org.jhotdraw8.collection.champ.ChampImmutableMapTest" time="0.001"/>
  <testcase name="testNewInstanceReadOnlyMapArgShouldBeEqualToARg(MapData)[2]" classname="org.jhotdraw8.collection.champ.ChampImmutableMapTest" time="0"/>
  <testcase name="testNewInstanceReadOnlyMapArgShouldBeEqualToARg(MapData)[3]" classname="org.jhotdraw8.collection.champ.ChampImmutableMapTest" time="0"/>
  <testcase name="testCopyPutAllWithSomeNewKeyShouldReturnNewInstance(MapData)[1]" classname="org.jhotdraw8.collection.champ.ChampImmutableMapTest" time="0"/>
  <testcase name="testCopyPutAllWithSomeNewKeyShouldReturnNewInstance(MapData)[2]" classname="org.jhotdraw8.collection.champ.ChampImmutableMapTest" time="0.001"/>
  <testcase name="testCopyPutAllWithSomeNewKeyShouldReturnNewInstance(MapData)[3]" classname="org.jhotdraw8.collection.champ.ChampImmutableMapTest" time="0.001"/>
  <testcase name="testEqualWithThisShouldYieldTrue(MapData)[1]" classname="org.jhotdraw8.collection.champ.ChampImmutableMapTest" time="0"/>
  <testcase name="testEqualWithThisShouldYieldTrue(MapData)[2]" classname="org.jhotdraw8.collection.champ.ChampImmutableMapTest" time="0"/>
  <testcase name="testEqualWithThisShouldYieldTrue(MapData)[3]" classname="org.jhotdraw8.collection.champ.ChampImmutableMapTest" time="0"/>
  <testcase name="testCopyClearShouldYieldEmptyMap(MapData)[1]" classname="org.jhotdraw8.collection.champ.ChampImmutableMapTest" time="0"/>
  <testcase name="testCopyClearShouldYieldEmptyMap(MapData)[2]" classname="org.jhotdraw8.collection.champ.ChampImmutableMapTest" time="0.001"/>
  <testcase name="testCopyClearShouldYieldEmptyMap(MapData)[3]" classname="org.jhotdraw8.collection.champ.ChampImmutableMapTest" time="0"/>
  <testcase name="testCopyPutAllWithSelfShouldReturnThis(MapData)[1]" classname="org.jhotdraw8.collection.champ.ChampImmutableMapTest" time="0"/>
  <testcase name="testCopyPutAllWithSelfShouldReturnThis(MapData)[2]" classname="org.jhotdraw8.collection.champ.ChampImmutableMapTest" time="0"/>
  <testcase name="testCopyPutAllWithSelfShouldReturnThis(MapData)[3]" classname="org.jhotdraw8.collection.champ.ChampImmutableMapTest" time="0.001"/>
  <testcase name="testContainsKeyShouldYieldExpectedValue(MapData)[1]" classname="org.jhotdraw8.collection.champ.ChampImmutableMapTest" time="0"/>
  <testcase name="testContainsKeyShouldYieldExpectedValue(MapData)[2]" classname="org.jhotdraw8.collection.champ.ChampImmutableMapTest" time="0.001"/>
  <testcase name="testContainsKeyShouldYieldExpectedValue(MapData)[3]" classname="org.jhotdraw8.collection.champ.ChampImmutableMapTest" time="0"/>
  <testcase name="testNewInstanceMapArgsOfSameTypeShouldBeEqualToArg(MapData)[1]" classname="org.jhotdraw8.collection.champ.ChampImmutableMapTest" time="0.001"/>
  <testcase name="testNewInstanceMapArgsOfSameTypeShouldBeEqualToArg(MapData)[2]" classname="org.jhotdraw8.collection.champ.ChampImmutableMapTest" time="0"/>
  <testcase name="testNewInstanceMapArgsOfSameTypeShouldBeEqualToArg(MapData)[3]" classname="org.jhotdraw8.collection.champ.ChampImmutableMapTest" time="0"/>
  <testcase name="testReadOnlyEntrySetContainsShouldYieldExpectedValue(MapData)[1]" classname="org.jhotdraw8.collection.champ.ChampImmutableMapTest" time="0"/>
  <testcase name="testReadOnlyEntrySetContainsShouldYieldExpectedValue(MapData)[2]" classname="org.jhotdraw8.collection.champ.ChampImmutableMapTest" time="0"/>
  <testcase name="testReadOnlyEntrySetContainsShouldYieldExpectedValue(MapData)[3]" classname="org.jhotdraw8.collection.champ.ChampImmutableMapTest" time="0"/>
  <testcase name="testGetOfEntryWithNullValueShouldYieldNull(MapData)[1]" classname="org.jhotdraw8.collection.champ.ChampImmutableMapTest" time="0"/>
  <testcase name="testGetOfEntryWithNullValueShouldYieldNull(MapData)[2]" classname="org.jhotdraw8.collection.champ.ChampImmutableMapTest" time="0"/>
  <testcase name="testGetOfEntryWithNullValueShouldYieldNull(MapData)[3]" classname="org.jhotdraw8.collection.champ.ChampImmutableMapTest" time="0"/>
  <testcase name="testCopyRemoveAllWithSomeContainedKeyShouldReturnNewInstance(MapData)[1]" classname="org.jhotdraw8.collection.champ.ChampImmutableMapTest" time="0"/>
  <testcase name="testCopyRemoveAllWithSomeContainedKeyShouldReturnNewInstance(MapData)[2]" classname="org.jhotdraw8.collection.champ.ChampImmutableMapTest" time="0.001"/>
  <testcase name="testCopyRemoveAllWithSomeContainedKeyShouldReturnNewInstance(MapData)[3]" classname="org.jhotdraw8.collection.champ.ChampImmutableMapTest" time="0"/>
  <testcase name="testNewInstanceIterableArgShouldBeEqualToArg(MapData)[1]" classname="org.jhotdraw8.collection.champ.ChampImmutableMapTest" time="0.002"/>
  <testcase name="testNewInstanceIterableArgShouldBeEqualToArg(MapData)[2]" classname="org.jhotdraw8.collection.champ.ChampImmutableMapTest" time="0.001"/>
  <testcase name="testNewInstanceIterableArgShouldBeEqualToArg(MapData)[3]" classname="org.jhotdraw8.collection.champ.ChampImmutableMapTest" time="0"/>
  <testcase name="testEntrySetContainsExpectedEntries(MapData)[1]" classname="org.jhotdraw8.collection.champ.ChampImmutableMapTest" time="0.001"/>
  <testcase name="testEntrySetContainsExpectedEntries(MapData)[2]" classname="org.jhotdraw8.collection.champ.ChampImmutableMapTest" time="0"/>
  <testcase name="testEntrySetContainsExpectedEntries(MapData)[3]" classname="org.jhotdraw8.collection.champ.ChampImmutableMapTest" time="0.001"/>
  <testcase name="testCopyPutWithContainedEntryShouldReturnThis(MapData)[1]" classname="org.jhotdraw8.collection.champ.ChampImmutableMapTest" time="0.001"/>
  <testcase name="testCopyPutWithContainedEntryShouldReturnThis(MapData)[2]" classname="org.jhotdraw8.collection.champ.ChampImmutableMapTest" time="0.004"/>
  <testcase name="testCopyPutWithContainedEntryShouldReturnThis(MapData)[3]" classname="org.jhotdraw8.collection.champ.ChampImmutableMapTest" time="0.001"/>
  <testcase name="testEqualsWithCloneWithUpdatedEntriesShouldYieldFalse(MapData)[1]" classname="org.jhotdraw8.collection.champ.ChampImmutableMapTest" time="0"/>
  <testcase name="testEqualsWithCloneWithUpdatedEntriesShouldYieldFalse(MapData)[2]" classname="org.jhotdraw8.collection.champ.ChampImmutableMapTest" time="0"/>
  <testcase name="testEqualsWithCloneWithUpdatedEntriesShouldYieldFalse(MapData)[3]" classname="org.jhotdraw8.collection.champ.ChampImmutableMapTest" time="0"/>
  <testcase name="testCopyPutAllWithContainedKeysButNewValuesShouldReturnNewInstance(MapData)[1]" classname="org.jhotdraw8.collection.champ.ChampImmutableMapTest" time="0.002"/>
  <testcase name="testCopyPutAllWithContainedKeysButNewValuesShouldReturnNewInstance(MapData)[2]" classname="org.jhotdraw8.collection.champ.ChampImmutableMapTest" time="0.001"/>
  <testcase name="testCopyPutAllWithContainedKeysButNewValuesShouldReturnNewInstance(MapData)[3]" classname="org.jhotdraw8.collection.champ.ChampImmutableMapTest" time="0"/>
  <testcase name="testToStringShouldContainAllEntries(MapData)[1]" classname="org.jhotdraw8.collection.champ.ChampImmutableMapTest" time="0"/>
  <testcase name="testToStringShouldContainAllEntries(MapData)[2]" classname="org.jhotdraw8.collection.champ.ChampImmutableMapTest" time="0"/>
  <testcase name="testToStringShouldContainAllEntries(MapData)[3]" classname="org.jhotdraw8.collection.champ.ChampImmutableMapTest" time="0"/>
</testsuite>